2025-08-29 16:12:28,611 - __main__ - INFO - Starting Video Organizer
2025-08-29 16:12:28,613 - src.video_organizer.core.filesystem_monitor - INFO - Started monitoring \mnt\media\test
2025-08-29 16:13:26,723 - src.video_organizer.core.filesystem_monitor - INFO - New video file detected: \mnt\media\test\与晋长安 (2025) {tmdbid-253093}\Season 1\与晋长安.2025.S01E01.2160p.WEB-DL.H.265.DDP.5.1.strm
2025-08-29 16:13:26,725 - src.video_organizer.core.renamer - ERROR - Error enriching metadata with TMDB: 'TMDBClient' object has no attribute 'search_tv_show'
2025-08-29 16:13:26,727 - src.video_organizer.core.file_mover - INFO - Moved \mnt\media\test\与晋长安 (2025) {tmdbid-253093}\Season 1\与晋长安.2025.S01E01.2160p.WEB-DL.H.265.DDP.5.1.strm to \mnt\media\processed\与晋长安 2025\Season 01\与晋长安 2025 - SSeason 01E01
2025-08-29 16:13:26,728 - src.video_organizer.core.filesystem_monitor - INFO - Successfully processed and moved \mnt\media\test\与晋长安 (2025) {tmdbid-253093}\Season 1\与晋长安.2025.S01E01.2160p.WEB-DL.H.265.DDP.5.1.strm to 与晋长安 2025\Season 01\与晋长安 2025 - SSeason 01E01
2025-08-29 16:13:26,729 - src.video_organizer.core.filesystem_monitor - INFO - New video file detected: \mnt\media\test\与晋长安 (2025) {tmdbid-253093}\Season 1\与晋长安.2025.S01E01.2160p.WEB-DL.H.265.DDP.5.1.strm
2025-08-29 16:13:26,729 - src.video_organizer.core.renamer - ERROR - Error enriching metadata with TMDB: 'TMDBClient' object has no attribute 'search_tv_show'
2025-08-29 16:13:26,732 - src.video_organizer.core.file_mover - ERROR - Error moving file \mnt\media\test\与晋长安 (2025) {tmdbid-253093}\Season 1\与晋长安.2025.S01E01.2160p.WEB-DL.H.265.DDP.5.1.strm to \mnt\media\processed\与晋长安 2025\Season 01\与晋长安 2025 - SSeason 01E01 (1): [WinError 2] 系统找不到指定的文件。
2025-08-29 16:13:26,732 - src.video_organizer.core.filesystem_monitor - ERROR - Error processing file \mnt\media\test\与晋长安 (2025) {tmdbid-253093}\Season 1\与晋长安.2025.S01E01.2160p.WEB-DL.H.265.DDP.5.1.strm: [WinError 2] 系统找不到指定的文件。
2025-08-29 16:13:26,733 - src.video_organizer.core.filesystem_monitor - INFO - New video file detected: \mnt\media\test\与晋长安 (2025) {tmdbid-253093}\Season 1\与晋长安.2025.S01E01.2160p.WEB-DL.H.265.DDP.5.1.strm
2025-08-29 16:13:26,733 - src.video_organizer.core.renamer - ERROR - Error enriching metadata with TMDB: 'TMDBClient' object has no attribute 'search_tv_show'
2025-08-29 16:13:26,735 - src.video_organizer.core.file_mover - ERROR - Error moving file \mnt\media\test\与晋长安 (2025) {tmdbid-253093}\Season 1\与晋长安.2025.S01E01.2160p.WEB-DL.H.265.DDP.5.1.strm to \mnt\media\processed\与晋长安 2025\Season 01\与晋长安 2025 - SSeason 01E01 (1): [WinError 2] 系统找不到指定的文件。
2025-08-29 16:13:26,735 - src.video_organizer.core.filesystem_monitor - ERROR - Error processing file \mnt\media\test\与晋长安 (2025) {tmdbid-253093}\Season 1\与晋长安.2025.S01E01.2160p.WEB-DL.H.265.DDP.5.1.strm: [WinError 2] 系统找不到指定的文件。
2025-08-29 16:13:26,736 - src.video_organizer.core.filesystem_monitor - INFO - New video file detected: \mnt\media\test\与晋长安 (2025) {tmdbid-253093}\Season 1\与晋长安.2025.S01E02.2160p.WEB-DL.H.265.DDP.5.1.strm
2025-08-29 16:13:26,736 - src.video_organizer.core.renamer - ERROR - Error enriching metadata with TMDB: 'TMDBClient' object has no attribute 'search_tv_show'
2025-08-29 16:13:26,737 - src.video_organizer.core.file_mover - INFO - Moved \mnt\media\test\与晋长安 (2025) {tmdbid-253093}\Season 1\与晋长安.2025.S01E02.2160p.WEB-DL.H.265.DDP.5.1.strm to \mnt\media\processed\与晋长安 2025\Season 01\与晋长安 2025 - SSeason 01E02
2025-08-29 16:13:26,738 - src.video_organizer.core.filesystem_monitor - INFO - Successfully processed and moved \mnt\media\test\与晋长安 (2025) {tmdbid-253093}\Season 1\与晋长安.2025.S01E02.2160p.WEB-DL.H.265.DDP.5.1.strm to 与晋长安 2025\Season 01\与晋长安 2025 - SSeason 01E02
2025-08-29 16:13:26,738 - src.video_organizer.core.filesystem_monitor - INFO - New video file detected: \mnt\media\test\与晋长安 (2025) {tmdbid-253093}\Season 1\与晋长安.2025.S01E03.2160p.WEB-DL.H.265.DDP.5.1.strm
2025-08-29 16:13:26,739 - src.video_organizer.core.renamer - ERROR - Error enriching metadata with TMDB: 'TMDBClient' object has no attribute 'search_tv_show'
2025-08-29 16:13:26,740 - src.video_organizer.core.file_mover - INFO - Moved \mnt\media\test\与晋长安 (2025) {tmdbid-253093}\Season 1\与晋长安.2025.S01E03.2160p.WEB-DL.H.265.DDP.5.1.strm to \mnt\media\processed\与晋长安 2025\Season 01\与晋长安 2025 - SSeason 01E03
2025-08-29 16:13:26,741 - src.video_organizer.core.filesystem_monitor - INFO - Successfully processed and moved \mnt\media\test\与晋长安 (2025) {tmdbid-253093}\Season 1\与晋长安.2025.S01E03.2160p.WEB-DL.H.265.DDP.5.1.strm to 与晋长安 2025\Season 01\与晋长安 2025 - SSeason 01E03
2025-08-29 16:13:26,742 - src.video_organizer.core.filesystem_monitor - INFO - New video file detected: \mnt\media\test\与晋长安 (2025) {tmdbid-253093}\Season 1\与晋长安.2025.S01E04.2160p.WEB-DL.H.265.DDP.5.1.strm
2025-08-29 16:13:26,742 - src.video_organizer.core.renamer - ERROR - Error enriching metadata with TMDB: 'TMDBClient' object has no attribute 'search_tv_show'
2025-08-29 16:13:26,743 - src.video_organizer.core.file_mover - INFO - Moved \mnt\media\test\与晋长安 (2025) {tmdbid-253093}\Season 1\与晋长安.2025.S01E04.2160p.WEB-DL.H.265.DDP.5.1.strm to \mnt\media\processed\与晋长安 2025\Season 01\与晋长安 2025 - SSeason 01E04
2025-08-29 16:13:26,744 - src.video_organizer.core.filesystem_monitor - INFO - Successfully processed and moved \mnt\media\test\与晋长安 (2025) {tmdbid-253093}\Season 1\与晋长安.2025.S01E04.2160p.WEB-DL.H.265.DDP.5.1.strm to 与晋长安 2025\Season 01\与晋长安 2025 - SSeason 01E04
2025-08-29 16:13:26,745 - src.video_organizer.core.filesystem_monitor - INFO - New video file detected: \mnt\media\test\与晋长安 (2025) {tmdbid-253093}\Season 1\与晋长安.2025.S01E05.2160p.WEB-DL.H.265.DDP.5.1.strm
2025-08-29 16:13:26,745 - src.video_organizer.core.renamer - ERROR - Error enriching metadata with TMDB: 'TMDBClient' object has no attribute 'search_tv_show'
2025-08-29 16:13:26,746 - src.video_organizer.core.file_mover - INFO - Moved \mnt\media\test\与晋长安 (2025) {tmdbid-253093}\Season 1\与晋长安.2025.S01E05.2160p.WEB-DL.H.265.DDP.5.1.strm to \mnt\media\processed\与晋长安 2025\Season 01\与晋长安 2025 - SSeason 01E05
2025-08-29 16:13:26,747 - src.video_organizer.core.filesystem_monitor - INFO - Successfully processed and moved \mnt\media\test\与晋长安 (2025) {tmdbid-253093}\Season 1\与晋长安.2025.S01E05.2160p.WEB-DL.H.265.DDP.5.1.strm to 与晋长安 2025\Season 01\与晋长安 2025 - SSeason 01E05
2025-08-29 16:13:26,747 - src.video_organizer.core.filesystem_monitor - INFO - New video file detected: \mnt\media\test\与晋长安 (2025) {tmdbid-253093}\Season 1\与晋长安.2025.S01E06.2160p.WEB-DL.H.265.DDP.5.1.strm
2025-08-29 16:13:26,748 - src.video_organizer.core.renamer - ERROR - Error enriching metadata with TMDB: 'TMDBClient' object has no attribute 'search_tv_show'
2025-08-29 16:13:26,749 - src.video_organizer.core.file_mover - INFO - Moved \mnt\media\test\与晋长安 (2025) {tmdbid-253093}\Season 1\与晋长安.2025.S01E06.2160p.WEB-DL.H.265.DDP.5.1.strm to \mnt\media\processed\与晋长安 2025\Season 01\与晋长安 2025 - SSeason 01E06
2025-08-29 16:13:26,750 - src.video_organizer.core.filesystem_monitor - INFO - Successfully processed and moved \mnt\media\test\与晋长安 (2025) {tmdbid-253093}\Season 1\与晋长安.2025.S01E06.2160p.WEB-DL.H.265.DDP.5.1.strm to 与晋长安 2025\Season 01\与晋长安 2025 - SSeason 01E06
2025-08-29 16:13:26,751 - src.video_organizer.core.filesystem_monitor - INFO - New video file detected: \mnt\media\test\与晋长安 (2025) {tmdbid-253093}\Season 1\与晋长安.2025.S01E09.2160p.WEB-DL.H.265.DDP.5.1.strm
2025-08-29 16:13:26,751 - src.video_organizer.core.renamer - ERROR - Error enriching metadata with TMDB: 'TMDBClient' object has no attribute 'search_tv_show'
2025-08-29 16:13:26,752 - src.video_organizer.core.file_mover - INFO - Moved \mnt\media\test\与晋长安 (2025) {tmdbid-253093}\Season 1\与晋长安.2025.S01E09.2160p.WEB-DL.H.265.DDP.5.1.strm to \mnt\media\processed\与晋长安 2025\Season 01\与晋长安 2025 - SSeason 01E09
2025-08-29 16:13:26,752 - src.video_organizer.core.filesystem_monitor - INFO - Successfully processed and moved \mnt\media\test\与晋长安 (2025) {tmdbid-253093}\Season 1\与晋长安.2025.S01E09.2160p.WEB-DL.H.265.DDP.5.1.strm to 与晋长安 2025\Season 01\与晋长安 2025 - SSeason 01E09
2025-08-29 16:13:26,752 - src.video_organizer.core.filesystem_monitor - INFO - New video file detected: \mnt\media\test\与晋长安 (2025) {tmdbid-253093}\Season 1\与晋长安.2025.S01E10.2160p.WEB-DL.H.265.DDP.5.1.strm
2025-08-29 16:13:26,753 - src.video_organizer.core.renamer - ERROR - Error enriching metadata with TMDB: 'TMDBClient' object has no attribute 'search_tv_show'
2025-08-29 16:13:26,754 - src.video_organizer.core.file_mover - INFO - Moved \mnt\media\test\与晋长安 (2025) {tmdbid-253093}\Season 1\与晋长安.2025.S01E10.2160p.WEB-DL.H.265.DDP.5.1.strm to \mnt\media\processed\与晋长安 2025\Season 01\与晋长安 2025 - SSeason 01E10
2025-08-29 16:13:26,754 - src.video_organizer.core.filesystem_monitor - INFO - Successfully processed and moved \mnt\media\test\与晋长安 (2025) {tmdbid-253093}\Season 1\与晋长安.2025.S01E10.2160p.WEB-DL.H.265.DDP.5.1.strm to 与晋长安 2025\Season 01\与晋长安 2025 - SSeason 01E10
2025-08-29 16:13:26,755 - src.video_organizer.core.filesystem_monitor - INFO - New video file detected: \mnt\media\test\与晋长安 (2025) {tmdbid-253093}\Season 1\与晋长安.2025.S01E11.2160p.WEB-DL.H.265.DDP.5.1.strm
2025-08-29 16:13:26,756 - src.video_organizer.core.renamer - ERROR - Error enriching metadata with TMDB: 'TMDBClient' object has no attribute 'search_tv_show'
2025-08-29 16:13:26,757 - src.video_organizer.core.file_mover - INFO - Moved \mnt\media\test\与晋长安 (2025) {tmdbid-253093}\Season 1\与晋长安.2025.S01E11.2160p.WEB-DL.H.265.DDP.5.1.strm to \mnt\media\processed\与晋长安 2025\Season 01\与晋长安 2025 - SSeason 01E11
2025-08-29 16:13:26,757 - src.video_organizer.core.filesystem_monitor - INFO - Successfully processed and moved \mnt\media\test\与晋长安 (2025) {tmdbid-253093}\Season 1\与晋长安.2025.S01E11.2160p.WEB-DL.H.265.DDP.5.1.strm to 与晋长安 2025\Season 01\与晋长安 2025 - SSeason 01E11
2025-08-29 16:13:26,758 - src.video_organizer.core.filesystem_monitor - INFO - New video file detected: \mnt\media\test\与晋长安 (2025) {tmdbid-253093}\Season 1\与晋长安.2025.S01E12.2160p.WEB-DL.H.265.DDP.5.1.strm
2025-08-29 16:13:26,759 - src.video_organizer.core.renamer - ERROR - Error enriching metadata with TMDB: 'TMDBClient' object has no attribute 'search_tv_show'
2025-08-29 16:13:26,760 - src.video_organizer.core.file_mover - INFO - Moved \mnt\media\test\与晋长安 (2025) {tmdbid-253093}\Season 1\与晋长安.2025.S01E12.2160p.WEB-DL.H.265.DDP.5.1.strm to \mnt\media\processed\与晋长安 2025\Season 01\与晋长安 2025 - SSeason 01E12
2025-08-29 16:13:26,760 - src.video_organizer.core.filesystem_monitor - INFO - Successfully processed and moved \mnt\media\test\与晋长安 (2025) {tmdbid-253093}\Season 1\与晋长安.2025.S01E12.2160p.WEB-DL.H.265.DDP.5.1.strm to 与晋长安 2025\Season 01\与晋长安 2025 - SSeason 01E12
2025-08-29 16:13:26,761 - src.video_organizer.core.filesystem_monitor - INFO - New video file detected: \mnt\media\test\与晋长安 (2025) {tmdbid-253093}\Season 1\与晋长安.2025.S01E13.2160p.WEB-DL.H.265.DDP.5.1.strm
2025-08-29 16:13:26,762 - src.video_organizer.core.renamer - ERROR - Error enriching metadata with TMDB: 'TMDBClient' object has no attribute 'search_tv_show'
2025-08-29 16:13:26,763 - src.video_organizer.core.file_mover - INFO - Moved \mnt\media\test\与晋长安 (2025) {tmdbid-253093}\Season 1\与晋长安.2025.S01E13.2160p.WEB-DL.H.265.DDP.5.1.strm to \mnt\media\processed\与晋长安 2025\Season 01\与晋长安 2025 - SSeason 01E13
2025-08-29 16:13:26,764 - src.video_organizer.core.filesystem_monitor - INFO - Successfully processed and moved \mnt\media\test\与晋长安 (2025) {tmdbid-253093}\Season 1\与晋长安.2025.S01E13.2160p.WEB-DL.H.265.DDP.5.1.strm to 与晋长安 2025\Season 01\与晋长安 2025 - SSeason 01E13
2025-08-29 16:13:26,765 - src.video_organizer.core.filesystem_monitor - INFO - New video file detected: \mnt\media\test\与晋长安 (2025) {tmdbid-253093}\Season 1\与晋长安.2025.S01E14.2160p.WEB-DL.H.265.DDP.5.1.strm
2025-08-29 16:13:26,765 - src.video_organizer.core.renamer - ERROR - Error enriching metadata with TMDB: 'TMDBClient' object has no attribute 'search_tv_show'
2025-08-29 16:13:26,767 - src.video_organizer.core.file_mover - INFO - Moved \mnt\media\test\与晋长安 (2025) {tmdbid-253093}\Season 1\与晋长安.2025.S01E14.2160p.WEB-DL.H.265.DDP.5.1.strm to \mnt\media\processed\与晋长安 2025\Season 01\与晋长安 2025 - SSeason 01E14
2025-08-29 16:13:26,767 - src.video_organizer.core.filesystem_monitor - INFO - Successfully processed and moved \mnt\media\test\与晋长安 (2025) {tmdbid-253093}\Season 1\与晋长安.2025.S01E14.2160p.WEB-DL.H.265.DDP.5.1.strm to 与晋长安 2025\Season 01\与晋长安 2025 - SSeason 01E14
2025-08-29 16:17:24,137 - __main__ - INFO - Received shutdown signal, stopping monitor...
2025-08-29 16:17:24,161 - src.video_organizer.core.filesystem_monitor - INFO - Stopped monitoring
2025-08-29 16:17:25,526 - __main__ - INFO - Starting Video Organizer
2025-08-29 16:17:25,527 - src.video_organizer.core.filesystem_monitor - INFO - Started monitoring \mnt\media\test
2025-08-29 16:17:33,036 - src.video_organizer.core.filesystem_monitor - INFO - New video file detected: \mnt\media\test\目之所及 (2025) {tmdbid-280063}\Season 1\目之所及.2025.S01E01.2160p.WEB-DL.HDR.H.265.DDP.5.1.strm
2025-08-29 16:17:33,037 - src.video_organizer.core.renamer - ERROR - Error enriching metadata with TMDB: 'TMDBClient' object has no attribute 'search_tv_show'
2025-08-29 16:17:33,038 - src.video_organizer.core.file_mover - INFO - Moved \mnt\media\test\目之所及 (2025) {tmdbid-280063}\Season 1\目之所及.2025.S01E01.2160p.WEB-DL.HDR.H.265.DDP.5.1.strm to \mnt\media\processed\目之所及 2025\Season 01\目之所及 2025 - SSeason 01E01
2025-08-29 16:17:33,039 - src.video_organizer.core.filesystem_monitor - INFO - Successfully processed and moved \mnt\media\test\目之所及 (2025) {tmdbid-280063}\Season 1\目之所及.2025.S01E01.2160p.WEB-DL.HDR.H.265.DDP.5.1.strm to 目之所及 2025\Season 01\目之所及 2025 - SSeason 01E01
2025-08-29 16:17:33,039 - src.video_organizer.core.filesystem_monitor - INFO - New video file detected: \mnt\media\test\目之所及 (2025) {tmdbid-280063}\Season 1\目之所及.2025.S01E01.2160p.WEB-DL.HDR.H.265.DDP.5.1.strm
2025-08-29 16:17:33,040 - src.video_organizer.core.renamer - ERROR - Error enriching metadata with TMDB: 'TMDBClient' object has no attribute 'search_tv_show'
2025-08-29 16:17:33,041 - src.video_organizer.core.file_mover - ERROR - Error moving file \mnt\media\test\目之所及 (2025) {tmdbid-280063}\Season 1\目之所及.2025.S01E01.2160p.WEB-DL.HDR.H.265.DDP.5.1.strm to \mnt\media\processed\目之所及 2025\Season 01\目之所及 2025 - SSeason 01E01 (1): [WinError 2] 系统找不到指定的文件。
2025-08-29 16:17:33,041 - src.video_organizer.core.filesystem_monitor - ERROR - Error processing file \mnt\media\test\目之所及 (2025) {tmdbid-280063}\Season 1\目之所及.2025.S01E01.2160p.WEB-DL.HDR.H.265.DDP.5.1.strm: [WinError 2] 系统找不到指定的文件。
2025-08-29 16:17:33,042 - src.video_organizer.core.filesystem_monitor - INFO - New video file detected: \mnt\media\test\目之所及 (2025) {tmdbid-280063}\Season 1\目之所及.2025.S01E01.2160p.WEB-DL.HDR.H.265.DDP.5.1.strm
2025-08-29 16:17:33,042 - src.video_organizer.core.renamer - ERROR - Error enriching metadata with TMDB: 'TMDBClient' object has no attribute 'search_tv_show'
2025-08-29 16:17:33,043 - src.video_organizer.core.file_mover - ERROR - Error moving file \mnt\media\test\目之所及 (2025) {tmdbid-280063}\Season 1\目之所及.2025.S01E01.2160p.WEB-DL.HDR.H.265.DDP.5.1.strm to \mnt\media\processed\目之所及 2025\Season 01\目之所及 2025 - SSeason 01E01 (1): [WinError 2] 系统找不到指定的文件。
2025-08-29 16:17:33,044 - src.video_organizer.core.filesystem_monitor - ERROR - Error processing file \mnt\media\test\目之所及 (2025) {tmdbid-280063}\Season 1\目之所及.2025.S01E01.2160p.WEB-DL.HDR.H.265.DDP.5.1.strm: [WinError 2] 系统找不到指定的文件。
2025-08-29 16:17:33,044 - src.video_organizer.core.filesystem_monitor - INFO - New video file detected: \mnt\media\test\目之所及 (2025) {tmdbid-280063}\Season 1\目之所及.2025.S01E02.2160p.WEB-DL.HDR.H.265.DDP.5.1.strm
2025-08-29 16:17:33,045 - src.video_organizer.core.renamer - ERROR - Error enriching metadata with TMDB: 'TMDBClient' object has no attribute 'search_tv_show'
2025-08-29 16:17:33,046 - src.video_organizer.core.file_mover - INFO - Moved \mnt\media\test\目之所及 (2025) {tmdbid-280063}\Season 1\目之所及.2025.S01E02.2160p.WEB-DL.HDR.H.265.DDP.5.1.strm to \mnt\media\processed\目之所及 2025\Season 01\目之所及 2025 - SSeason 01E02
2025-08-29 16:17:33,046 - src.video_organizer.core.filesystem_monitor - INFO - Successfully processed and moved \mnt\media\test\目之所及 (2025) {tmdbid-280063}\Season 1\目之所及.2025.S01E02.2160p.WEB-DL.HDR.H.265.DDP.5.1.strm to 目之所及 2025\Season 01\目之所及 2025 - SSeason 01E02
2025-08-29 16:17:33,047 - src.video_organizer.core.filesystem_monitor - INFO - New video file detected: \mnt\media\test\目之所及 (2025) {tmdbid-280063}\Season 1\目之所及.2025.S01E03.2160p.WEB-DL.HDR.H.265.DDP.5.1.strm
2025-08-29 16:17:33,047 - src.video_organizer.core.renamer - ERROR - Error enriching metadata with TMDB: 'TMDBClient' object has no attribute 'search_tv_show'
2025-08-29 16:17:33,048 - src.video_organizer.core.file_mover - INFO - Moved \mnt\media\test\目之所及 (2025) {tmdbid-280063}\Season 1\目之所及.2025.S01E03.2160p.WEB-DL.HDR.H.265.DDP.5.1.strm to \mnt\media\processed\目之所及 2025\Season 01\目之所及 2025 - SSeason 01E03
2025-08-29 16:17:33,048 - src.video_organizer.core.filesystem_monitor - INFO - Successfully processed and moved \mnt\media\test\目之所及 (2025) {tmdbid-280063}\Season 1\目之所及.2025.S01E03.2160p.WEB-DL.HDR.H.265.DDP.5.1.strm to 目之所及 2025\Season 01\目之所及 2025 - SSeason 01E03
2025-08-29 16:17:33,049 - src.video_organizer.core.filesystem_monitor - INFO - New video file detected: \mnt\media\test\目之所及 (2025) {tmdbid-280063}\Season 1\目之所及.2025.S01E04.2160p.WEB-DL.HDR.H.265.DDP.5.1.strm
2025-08-29 16:17:33,049 - src.video_organizer.core.renamer - ERROR - Error enriching metadata with TMDB: 'TMDBClient' object has no attribute 'search_tv_show'
2025-08-29 16:17:33,050 - src.video_organizer.core.file_mover - INFO - Moved \mnt\media\test\目之所及 (2025) {tmdbid-280063}\Season 1\目之所及.2025.S01E04.2160p.WEB-DL.HDR.H.265.DDP.5.1.strm to \mnt\media\processed\目之所及 2025\Season 01\目之所及 2025 - SSeason 01E04
2025-08-29 16:17:33,051 - src.video_organizer.core.filesystem_monitor - INFO - Successfully processed and moved \mnt\media\test\目之所及 (2025) {tmdbid-280063}\Season 1\目之所及.2025.S01E04.2160p.WEB-DL.HDR.H.265.DDP.5.1.strm to 目之所及 2025\Season 01\目之所及 2025 - SSeason 01E04
2025-08-29 16:17:33,340 - src.video_organizer.core.filesystem_monitor - INFO - New video file detected: \mnt\media\test\Beloved.目.之.所.及 (2025)\Beloved.2025.S01E01.2160p.WEB-DL.H265.DDP5.1.strm
2025-08-29 16:17:33,341 - src.video_organizer.core.renamer - ERROR - Error enriching metadata with TMDB: 'TMDBClient' object has no attribute 'search_tv_show'
2025-08-29 16:17:33,342 - src.video_organizer.core.file_mover - INFO - Moved \mnt\media\test\Beloved.目.之.所.及 (2025)\Beloved.2025.S01E01.2160p.WEB-DL.H265.DDP5.1.strm to \mnt\media\processed\Beloved 2025\Season 01\Beloved 2025 - SSeason 01E01
2025-08-29 16:17:33,343 - src.video_organizer.core.filesystem_monitor - INFO - Successfully processed and moved \mnt\media\test\Beloved.目.之.所.及 (2025)\Beloved.2025.S01E01.2160p.WEB-DL.H265.DDP5.1.strm to Beloved 2025\Season 01\Beloved 2025 - SSeason 01E01
2025-08-29 16:17:33,343 - src.video_organizer.core.filesystem_monitor - INFO - New video file detected: \mnt\media\test\Beloved.目.之.所.及 (2025)\Beloved.2025.S01E01.2160p.WEB-DL.H265.DDP5.1.strm
2025-08-29 16:17:33,344 - src.video_organizer.core.renamer - ERROR - Error enriching metadata with TMDB: 'TMDBClient' object has no attribute 'search_tv_show'
2025-08-29 16:17:33,344 - src.video_organizer.core.file_mover - ERROR - Error moving file \mnt\media\test\Beloved.目.之.所.及 (2025)\Beloved.2025.S01E01.2160p.WEB-DL.H265.DDP5.1.strm to \mnt\media\processed\Beloved 2025\Season 01\Beloved 2025 - SSeason 01E01 (1): [WinError 2] 系统找不到指定的文件。
2025-08-29 16:17:33,345 - src.video_organizer.core.filesystem_monitor - ERROR - Error processing file \mnt\media\test\Beloved.目.之.所.及 (2025)\Beloved.2025.S01E01.2160p.WEB-DL.H265.DDP5.1.strm: [WinError 2] 系统找不到指定的文件。
2025-08-29 16:17:33,345 - src.video_organizer.core.filesystem_monitor - INFO - New video file detected: \mnt\media\test\Beloved.目.之.所.及 (2025)\Beloved.2025.S01E02.2160p.WEB-DL.H265.DDP5.1.strm
2025-08-29 16:17:33,346 - src.video_organizer.core.renamer - ERROR - Error enriching metadata with TMDB: 'TMDBClient' object has no attribute 'search_tv_show'
2025-08-29 16:17:33,347 - src.video_organizer.core.file_mover - INFO - Moved \mnt\media\test\Beloved.目.之.所.及 (2025)\Beloved.2025.S01E02.2160p.WEB-DL.H265.DDP5.1.strm to \mnt\media\processed\Beloved 2025\Season 01\Beloved 2025 - SSeason 01E02
2025-08-29 16:17:33,347 - src.video_organizer.core.filesystem_monitor - INFO - Successfully processed and moved \mnt\media\test\Beloved.目.之.所.及 (2025)\Beloved.2025.S01E02.2160p.WEB-DL.H265.DDP5.1.strm to Beloved 2025\Season 01\Beloved 2025 - SSeason 01E02
2025-08-29 16:17:33,348 - src.video_organizer.core.filesystem_monitor - INFO - New video file detected: \mnt\media\test\Beloved.目.之.所.及 (2025)\Beloved.2025.S01E03.2160p.WEB-DL.H265.DDP5.1.strm
2025-08-29 16:17:33,348 - src.video_organizer.core.renamer - ERROR - Error enriching metadata with TMDB: 'TMDBClient' object has no attribute 'search_tv_show'
2025-08-29 16:17:33,349 - src.video_organizer.core.file_mover - INFO - Moved \mnt\media\test\Beloved.目.之.所.及 (2025)\Beloved.2025.S01E03.2160p.WEB-DL.H265.DDP5.1.strm to \mnt\media\processed\Beloved 2025\Season 01\Beloved 2025 - SSeason 01E03
2025-08-29 16:17:33,350 - src.video_organizer.core.filesystem_monitor - INFO - Successfully processed and moved \mnt\media\test\Beloved.目.之.所.及 (2025)\Beloved.2025.S01E03.2160p.WEB-DL.H265.DDP5.1.strm to Beloved 2025\Season 01\Beloved 2025 - SSeason 01E03
2025-08-29 16:17:33,350 - src.video_organizer.core.filesystem_monitor - INFO - New video file detected: \mnt\media\test\Beloved.目.之.所.及 (2025)\Beloved.2025.S01E04.2160p.WEB-DL.H265.DDP5.1.strm
2025-08-29 16:17:33,350 - src.video_organizer.core.renamer - ERROR - Error enriching metadata with TMDB: 'TMDBClient' object has no attribute 'search_tv_show'
2025-08-29 16:17:33,351 - src.video_organizer.core.file_mover - INFO - Moved \mnt\media\test\Beloved.目.之.所.及 (2025)\Beloved.2025.S01E04.2160p.WEB-DL.H265.DDP5.1.strm to \mnt\media\processed\Beloved 2025\Season 01\Beloved 2025 - SSeason 01E04
2025-08-29 16:17:33,352 - src.video_organizer.core.filesystem_monitor - INFO - Successfully processed and moved \mnt\media\test\Beloved.目.之.所.及 (2025)\Beloved.2025.S01E04.2160p.WEB-DL.H265.DDP5.1.strm to Beloved 2025\Season 01\Beloved 2025 - SSeason 01E04
2025-08-29 16:17:33,608 - src.video_organizer.core.filesystem_monitor - INFO - New video file detected: \mnt\media\test\归队 (2025) {tmdbid-273271}\Season 1\归队.2025.S01E01.2160p.WEB-DL.HDR.H.265.60fps.AAC.strm
2025-08-29 16:17:33,609 - src.video_organizer.core.renamer - ERROR - Error enriching metadata with TMDB: 'TMDBClient' object has no attribute 'search_tv_show'
2025-08-29 16:17:33,610 - src.video_organizer.core.file_mover - INFO - Moved \mnt\media\test\归队 (2025) {tmdbid-273271}\Season 1\归队.2025.S01E01.2160p.WEB-DL.HDR.H.265.60fps.AAC.strm to \mnt\media\processed\归队 2025\Season 01\归队 2025 - SSeason 01E01
2025-08-29 16:17:33,611 - src.video_organizer.core.filesystem_monitor - INFO - Successfully processed and moved \mnt\media\test\归队 (2025) {tmdbid-273271}\Season 1\归队.2025.S01E01.2160p.WEB-DL.HDR.H.265.60fps.AAC.strm to 归队 2025\Season 01\归队 2025 - SSeason 01E01
2025-08-29 16:17:33,611 - src.video_organizer.core.filesystem_monitor - INFO - New video file detected: \mnt\media\test\归队 (2025) {tmdbid-273271}\Season 1\归队.2025.S01E01.2160p.WEB-DL.HDR.H.265.60fps.AAC.strm
2025-08-29 16:17:33,612 - src.video_organizer.core.renamer - ERROR - Error enriching metadata with TMDB: 'TMDBClient' object has no attribute 'search_tv_show'
2025-08-29 16:17:33,613 - src.video_organizer.core.file_mover - ERROR - Error moving file \mnt\media\test\归队 (2025) {tmdbid-273271}\Season 1\归队.2025.S01E01.2160p.WEB-DL.HDR.H.265.60fps.AAC.strm to \mnt\media\processed\归队 2025\Season 01\归队 2025 - SSeason 01E01 (1): [WinError 2] 系统找不到指定的文件。
2025-08-29 16:17:33,613 - src.video_organizer.core.filesystem_monitor - ERROR - Error processing file \mnt\media\test\归队 (2025) {tmdbid-273271}\Season 1\归队.2025.S01E01.2160p.WEB-DL.HDR.H.265.60fps.AAC.strm: [WinError 2] 系统找不到指定的文件。
2025-08-29 16:17:33,614 - src.video_organizer.core.filesystem_monitor - INFO - New video file detected: \mnt\media\test\归队 (2025) {tmdbid-273271}\Season 1\归队.2025.S01E01.2160p.WEB-DL.HDR.H.265.60fps.AAC.strm
2025-08-29 16:17:33,615 - src.video_organizer.core.renamer - ERROR - Error enriching metadata with TMDB: 'TMDBClient' object has no attribute 'search_tv_show'
2025-08-29 16:17:33,616 - src.video_organizer.core.file_mover - ERROR - Error moving file \mnt\media\test\归队 (2025) {tmdbid-273271}\Season 1\归队.2025.S01E01.2160p.WEB-DL.HDR.H.265.60fps.AAC.strm to \mnt\media\processed\归队 2025\Season 01\归队 2025 - SSeason 01E01 (1): [WinError 2] 系统找不到指定的文件。
2025-08-29 16:17:33,616 - src.video_organizer.core.filesystem_monitor - ERROR - Error processing file \mnt\media\test\归队 (2025) {tmdbid-273271}\Season 1\归队.2025.S01E01.2160p.WEB-DL.HDR.H.265.60fps.AAC.strm: [WinError 2] 系统找不到指定的文件。
2025-08-29 16:17:33,617 - src.video_organizer.core.filesystem_monitor - INFO - New video file detected: \mnt\media\test\归队 (2025) {tmdbid-273271}\Season 1\归队.2025.S01E02.2160p.WEB-DL.HDR.H.265.60fps.AAC.strm
2025-08-29 16:17:33,618 - src.video_organizer.core.renamer - ERROR - Error enriching metadata with TMDB: 'TMDBClient' object has no attribute 'search_tv_show'
2025-08-29 16:17:33,619 - src.video_organizer.core.file_mover - INFO - Moved \mnt\media\test\归队 (2025) {tmdbid-273271}\Season 1\归队.2025.S01E02.2160p.WEB-DL.HDR.H.265.60fps.AAC.strm to \mnt\media\processed\归队 2025\Season 01\归队 2025 - SSeason 01E02
2025-08-29 16:17:33,620 - src.video_organizer.core.filesystem_monitor - INFO - Successfully processed and moved \mnt\media\test\归队 (2025) {tmdbid-273271}\Season 1\归队.2025.S01E02.2160p.WEB-DL.HDR.H.265.60fps.AAC.strm to 归队 2025\Season 01\归队 2025 - SSeason 01E02
2025-08-29 16:17:33,621 - src.video_organizer.core.filesystem_monitor - INFO - New video file detected: \mnt\media\test\归队 (2025) {tmdbid-273271}\Season 1\归队.2025.S01E03.2160p.WEB-DL.HDR.H.265.60fps.AAC.strm
2025-08-29 16:17:33,621 - src.video_organizer.core.renamer - ERROR - Error enriching metadata with TMDB: 'TMDBClient' object has no attribute 'search_tv_show'
2025-08-29 16:17:33,622 - src.video_organizer.core.file_mover - INFO - Moved \mnt\media\test\归队 (2025) {tmdbid-273271}\Season 1\归队.2025.S01E03.2160p.WEB-DL.HDR.H.265.60fps.AAC.strm to \mnt\media\processed\归队 2025\Season 01\归队 2025 - SSeason 01E03
2025-08-29 16:17:33,622 - src.video_organizer.core.filesystem_monitor - INFO - Successfully processed and moved \mnt\media\test\归队 (2025) {tmdbid-273271}\Season 1\归队.2025.S01E03.2160p.WEB-DL.HDR.H.265.60fps.AAC.strm to 归队 2025\Season 01\归队 2025 - SSeason 01E03
2025-08-29 16:17:33,623 - src.video_organizer.core.filesystem_monitor - INFO - New video file detected: \mnt\media\test\归队 (2025) {tmdbid-273271}\Season 1\归队.2025.S01E04.2160p.WEB-DL.HDR.H.265.60fps.AAC.strm
2025-08-29 16:17:33,625 - src.video_organizer.core.renamer - ERROR - Error enriching metadata with TMDB: 'TMDBClient' object has no attribute 'search_tv_show'
2025-08-29 16:17:33,626 - src.video_organizer.core.file_mover - INFO - Moved \mnt\media\test\归队 (2025) {tmdbid-273271}\Season 1\归队.2025.S01E04.2160p.WEB-DL.HDR.H.265.60fps.AAC.strm to \mnt\media\processed\归队 2025\Season 01\归队 2025 - SSeason 01E04
2025-08-29 16:17:33,626 - src.video_organizer.core.filesystem_monitor - INFO - Successfully processed and moved \mnt\media\test\归队 (2025) {tmdbid-273271}\Season 1\归队.2025.S01E04.2160p.WEB-DL.HDR.H.265.60fps.AAC.strm to 归队 2025\Season 01\归队 2025 - SSeason 01E04
2025-08-29 16:17:33,626 - src.video_organizer.core.filesystem_monitor - INFO - New video file detected: \mnt\media\test\归队 (2025) {tmdbid-273271}\Season 1\归队.2025.S01E05.2160p.WEB-DL.HDR.H.265.60fps.AAC.strm
2025-08-29 16:17:33,627 - src.video_organizer.core.renamer - ERROR - Error enriching metadata with TMDB: 'TMDBClient' object has no attribute 'search_tv_show'
2025-08-29 16:17:33,628 - src.video_organizer.core.file_mover - INFO - Moved \mnt\media\test\归队 (2025) {tmdbid-273271}\Season 1\归队.2025.S01E05.2160p.WEB-DL.HDR.H.265.60fps.AAC.strm to \mnt\media\processed\归队 2025\Season 01\归队 2025 - SSeason 01E05
2025-08-29 16:17:33,629 - src.video_organizer.core.filesystem_monitor - INFO - Successfully processed and moved \mnt\media\test\归队 (2025) {tmdbid-273271}\Season 1\归队.2025.S01E05.2160p.WEB-DL.HDR.H.265.60fps.AAC.strm to 归队 2025\Season 01\归队 2025 - SSeason 01E05
2025-08-29 16:17:33,630 - src.video_organizer.core.filesystem_monitor - INFO - New video file detected: \mnt\media\test\归队 (2025) {tmdbid-273271}\Season 1\归队.2025.S01E06.2160p.WEB-DL.HDR.H.265.60fps.AAC.strm
2025-08-29 16:17:33,630 - src.video_organizer.core.renamer - ERROR - Error enriching metadata with TMDB: 'TMDBClient' object has no attribute 'search_tv_show'
2025-08-29 16:17:33,631 - src.video_organizer.core.file_mover - INFO - Moved \mnt\media\test\归队 (2025) {tmdbid-273271}\Season 1\归队.2025.S01E06.2160p.WEB-DL.HDR.H.265.60fps.AAC.strm to \mnt\media\processed\归队 2025\Season 01\归队 2025 - SSeason 01E06
2025-08-29 16:17:33,631 - src.video_organizer.core.filesystem_monitor - INFO - Successfully processed and moved \mnt\media\test\归队 (2025) {tmdbid-273271}\Season 1\归队.2025.S01E06.2160p.WEB-DL.HDR.H.265.60fps.AAC.strm to 归队 2025\Season 01\归队 2025 - SSeason 01E06
2025-08-29 16:17:33,632 - src.video_organizer.core.filesystem_monitor - INFO - New video file detected: \mnt\media\test\归队 (2025) {tmdbid-273271}\Season 1\归队.2025.S01E07.2160p.WEB-DL.HDR.H.265.60fps.AAC.strm
2025-08-29 16:17:33,632 - src.video_organizer.core.renamer - ERROR - Error enriching metadata with TMDB: 'TMDBClient' object has no attribute 'search_tv_show'
2025-08-29 16:17:33,633 - src.video_organizer.core.file_mover - INFO - Moved \mnt\media\test\归队 (2025) {tmdbid-273271}\Season 1\归队.2025.S01E07.2160p.WEB-DL.HDR.H.265.60fps.AAC.strm to \mnt\media\processed\归队 2025\Season 01\归队 2025 - SSeason 01E07
2025-08-29 16:17:33,633 - src.video_organizer.core.filesystem_monitor - INFO - Successfully processed and moved \mnt\media\test\归队 (2025) {tmdbid-273271}\Season 1\归队.2025.S01E07.2160p.WEB-DL.HDR.H.265.60fps.AAC.strm to 归队 2025\Season 01\归队 2025 - SSeason 01E07
2025-08-29 16:17:33,634 - src.video_organizer.core.filesystem_monitor - INFO - New video file detected: \mnt\media\test\归队 (2025) {tmdbid-273271}\Season 1\归队.2025.S01E08.2160p.WEB-DL.HDR.H.265.60fps.AAC.strm
2025-08-29 16:17:33,634 - src.video_organizer.core.renamer - ERROR - Error enriching metadata with TMDB: 'TMDBClient' object has no attribute 'search_tv_show'
2025-08-29 16:17:33,635 - src.video_organizer.core.file_mover - INFO - Moved \mnt\media\test\归队 (2025) {tmdbid-273271}\Season 1\归队.2025.S01E08.2160p.WEB-DL.HDR.H.265.60fps.AAC.strm to \mnt\media\processed\归队 2025\Season 01\归队 2025 - SSeason 01E08
2025-08-29 16:17:33,636 - src.video_organizer.core.filesystem_monitor - INFO - Successfully processed and moved \mnt\media\test\归队 (2025) {tmdbid-273271}\Season 1\归队.2025.S01E08.2160p.WEB-DL.HDR.H.265.60fps.AAC.strm to 归队 2025\Season 01\归队 2025 - SSeason 01E08
2025-08-29 16:17:33,636 - src.video_organizer.core.filesystem_monitor - INFO - New video file detected: \mnt\media\test\归队 (2025) {tmdbid-273271}\Season 1\归队.2025.S01E09.2160p.WEB-DL.HDR.H.265.60fps.AAC.strm
2025-08-29 16:17:33,637 - src.video_organizer.core.renamer - ERROR - Error enriching metadata with TMDB: 'TMDBClient' object has no attribute 'search_tv_show'
2025-08-29 16:17:33,638 - src.video_organizer.core.file_mover - INFO - Moved \mnt\media\test\归队 (2025) {tmdbid-273271}\Season 1\归队.2025.S01E09.2160p.WEB-DL.HDR.H.265.60fps.AAC.strm to \mnt\media\processed\归队 2025\Season 01\归队 2025 - SSeason 01E09
2025-08-29 16:17:33,638 - src.video_organizer.core.filesystem_monitor - INFO - Successfully processed and moved \mnt\media\test\归队 (2025) {tmdbid-273271}\Season 1\归队.2025.S01E09.2160p.WEB-DL.HDR.H.265.60fps.AAC.strm to 归队 2025\Season 01\归队 2025 - SSeason 01E09
2025-08-29 16:17:33,639 - src.video_organizer.core.filesystem_monitor - INFO - New video file detected: \mnt\media\test\归队 (2025) {tmdbid-273271}\Season 1\归队.2025.S01E10.2160p.WEB-DL.HDR.H.265.60fps.AAC.strm
2025-08-29 16:17:33,639 - src.video_organizer.core.renamer - ERROR - Error enriching metadata with TMDB: 'TMDBClient' object has no attribute 'search_tv_show'
2025-08-29 16:17:33,640 - src.video_organizer.core.file_mover - INFO - Moved \mnt\media\test\归队 (2025) {tmdbid-273271}\Season 1\归队.2025.S01E10.2160p.WEB-DL.HDR.H.265.60fps.AAC.strm to \mnt\media\processed\归队 2025\Season 01\归队 2025 - SSeason 01E10
2025-08-29 16:17:33,641 - src.video_organizer.core.filesystem_monitor - INFO - Successfully processed and moved \mnt\media\test\归队 (2025) {tmdbid-273271}\Season 1\归队.2025.S01E10.2160p.WEB-DL.HDR.H.265.60fps.AAC.strm to 归队 2025\Season 01\归队 2025 - SSeason 01E10
2025-08-29 16:17:33,853 - src.video_organizer.core.filesystem_monitor - INFO - New video file detected: \mnt\media\test\子夜归 (2025) {tmdbid-242762}\Season 1\子夜归.2025.S01E01.2160p.WEB-DL.DoVi.H.265.DDP.5.1.strm
2025-08-29 16:17:33,854 - src.video_organizer.core.renamer - ERROR - Error enriching metadata with TMDB: 'TMDBClient' object has no attribute 'search_tv_show'
2025-08-29 16:17:33,855 - src.video_organizer.core.file_mover - INFO - Moved \mnt\media\test\子夜归 (2025) {tmdbid-242762}\Season 1\子夜归.2025.S01E01.2160p.WEB-DL.DoVi.H.265.DDP.5.1.strm to \mnt\media\processed\子夜归 2025\Season 01\子夜归 2025 - SSeason 01E01
2025-08-29 16:17:33,856 - src.video_organizer.core.filesystem_monitor - INFO - Successfully processed and moved \mnt\media\test\子夜归 (2025) {tmdbid-242762}\Season 1\子夜归.2025.S01E01.2160p.WEB-DL.DoVi.H.265.DDP.5.1.strm to 子夜归 2025\Season 01\子夜归 2025 - SSeason 01E01
2025-08-29 16:17:33,856 - src.video_organizer.core.filesystem_monitor - INFO - New video file detected: \mnt\media\test\子夜归 (2025) {tmdbid-242762}\Season 1\子夜归.2025.S01E01.2160p.WEB-DL.DoVi.H.265.DDP.5.1.strm
2025-08-29 16:17:33,857 - src.video_organizer.core.renamer - ERROR - Error enriching metadata with TMDB: 'TMDBClient' object has no attribute 'search_tv_show'
2025-08-29 16:17:33,858 - src.video_organizer.core.file_mover - ERROR - Error moving file \mnt\media\test\子夜归 (2025) {tmdbid-242762}\Season 1\子夜归.2025.S01E01.2160p.WEB-DL.DoVi.H.265.DDP.5.1.strm to \mnt\media\processed\子夜归 2025\Season 01\子夜归 2025 - SSeason 01E01 (1): [WinError 2] 系统找不到指定的文件。
2025-08-29 16:17:33,859 - src.video_organizer.core.filesystem_monitor - ERROR - Error processing file \mnt\media\test\子夜归 (2025) {tmdbid-242762}\Season 1\子夜归.2025.S01E01.2160p.WEB-DL.DoVi.H.265.DDP.5.1.strm: [WinError 2] 系统找不到指定的文件。
2025-08-29 16:17:33,859 - src.video_organizer.core.filesystem_monitor - INFO - New video file detected: \mnt\media\test\子夜归 (2025) {tmdbid-242762}\Season 1\子夜归.2025.S01E01.2160p.WEB-DL.DoVi.H.265.DDP.5.1.strm
2025-08-29 16:17:33,860 - src.video_organizer.core.renamer - ERROR - Error enriching metadata with TMDB: 'TMDBClient' object has no attribute 'search_tv_show'
2025-08-29 16:17:33,861 - src.video_organizer.core.file_mover - ERROR - Error moving file \mnt\media\test\子夜归 (2025) {tmdbid-242762}\Season 1\子夜归.2025.S01E01.2160p.WEB-DL.DoVi.H.265.DDP.5.1.strm to \mnt\media\processed\子夜归 2025\Season 01\子夜归 2025 - SSeason 01E01 (1): [WinError 2] 系统找不到指定的文件。
2025-08-29 16:17:33,862 - src.video_organizer.core.filesystem_monitor - ERROR - Error processing file \mnt\media\test\子夜归 (2025) {tmdbid-242762}\Season 1\子夜归.2025.S01E01.2160p.WEB-DL.DoVi.H.265.DDP.5.1.strm: [WinError 2] 系统找不到指定的文件。
2025-08-29 16:17:33,864 - src.video_organizer.core.filesystem_monitor - INFO - New video file detected: \mnt\media\test\子夜归 (2025) {tmdbid-242762}\Season 1\子夜归.2025.S01E02.2160p.WEB-DL.DoVi.H.265.DDP.5.1.strm
2025-08-29 16:17:33,865 - src.video_organizer.core.renamer - ERROR - Error enriching metadata with TMDB: 'TMDBClient' object has no attribute 'search_tv_show'
2025-08-29 16:17:33,866 - src.video_organizer.core.file_mover - INFO - Moved \mnt\media\test\子夜归 (2025) {tmdbid-242762}\Season 1\子夜归.2025.S01E02.2160p.WEB-DL.DoVi.H.265.DDP.5.1.strm to \mnt\media\processed\子夜归 2025\Season 01\子夜归 2025 - SSeason 01E02
2025-08-29 16:17:33,867 - src.video_organizer.core.filesystem_monitor - INFO - Successfully processed and moved \mnt\media\test\子夜归 (2025) {tmdbid-242762}\Season 1\子夜归.2025.S01E02.2160p.WEB-DL.DoVi.H.265.DDP.5.1.strm to 子夜归 2025\Season 01\子夜归 2025 - SSeason 01E02
2025-08-29 16:17:33,868 - src.video_organizer.core.filesystem_monitor - INFO - New video file detected: \mnt\media\test\子夜归 (2025) {tmdbid-242762}\Season 1\子夜归.2025.S01E03.2160p.WEB-DL.DoVi.H.265.DDP.5.1.strm
2025-08-29 16:17:33,869 - src.video_organizer.core.renamer - ERROR - Error enriching metadata with TMDB: 'TMDBClient' object has no attribute 'search_tv_show'
2025-08-29 16:17:33,870 - src.video_organizer.core.file_mover - INFO - Moved \mnt\media\test\子夜归 (2025) {tmdbid-242762}\Season 1\子夜归.2025.S01E03.2160p.WEB-DL.DoVi.H.265.DDP.5.1.strm to \mnt\media\processed\子夜归 2025\Season 01\子夜归 2025 - SSeason 01E03
2025-08-29 16:17:33,871 - src.video_organizer.core.filesystem_monitor - INFO - Successfully processed and moved \mnt\media\test\子夜归 (2025) {tmdbid-242762}\Season 1\子夜归.2025.S01E03.2160p.WEB-DL.DoVi.H.265.DDP.5.1.strm to 子夜归 2025\Season 01\子夜归 2025 - SSeason 01E03
2025-08-29 16:17:33,871 - src.video_organizer.core.filesystem_monitor - INFO - New video file detected: \mnt\media\test\子夜归 (2025) {tmdbid-242762}\Season 1\子夜归.2025.S01E04.2160p.WEB-DL.DoVi.H.265.DDP.5.1.strm
2025-08-29 16:17:33,872 - src.video_organizer.core.renamer - ERROR - Error enriching metadata with TMDB: 'TMDBClient' object has no attribute 'search_tv_show'
2025-08-29 16:17:33,873 - src.video_organizer.core.file_mover - INFO - Moved \mnt\media\test\子夜归 (2025) {tmdbid-242762}\Season 1\子夜归.2025.S01E04.2160p.WEB-DL.DoVi.H.265.DDP.5.1.strm to \mnt\media\processed\子夜归 2025\Season 01\子夜归 2025 - SSeason 01E04
2025-08-29 16:17:33,873 - src.video_organizer.core.filesystem_monitor - INFO - Successfully processed and moved \mnt\media\test\子夜归 (2025) {tmdbid-242762}\Season 1\子夜归.2025.S01E04.2160p.WEB-DL.DoVi.H.265.DDP.5.1.strm to 子夜归 2025\Season 01\子夜归 2025 - SSeason 01E04
2025-08-29 16:17:33,874 - src.video_organizer.core.filesystem_monitor - INFO - New video file detected: \mnt\media\test\子夜归 (2025) {tmdbid-242762}\Season 1\子夜归.2025.S01E05.2160p.WEB-DL.DoVi.H.265.DDP.5.1.strm
2025-08-29 16:17:33,875 - src.video_organizer.core.renamer - ERROR - Error enriching metadata with TMDB: 'TMDBClient' object has no attribute 'search_tv_show'
2025-08-29 16:17:33,877 - src.video_organizer.core.file_mover - INFO - Moved \mnt\media\test\子夜归 (2025) {tmdbid-242762}\Season 1\子夜归.2025.S01E05.2160p.WEB-DL.DoVi.H.265.DDP.5.1.strm to \mnt\media\processed\子夜归 2025\Season 01\子夜归 2025 - SSeason 01E05
2025-08-29 16:17:33,878 - src.video_organizer.core.filesystem_monitor - INFO - Successfully processed and moved \mnt\media\test\子夜归 (2025) {tmdbid-242762}\Season 1\子夜归.2025.S01E05.2160p.WEB-DL.DoVi.H.265.DDP.5.1.strm to 子夜归 2025\Season 01\子夜归 2025 - SSeason 01E05
2025-08-29 16:17:33,879 - src.video_organizer.core.filesystem_monitor - INFO - New video file detected: \mnt\media\test\子夜归 (2025) {tmdbid-242762}\Season 1\子夜归.2025.S01E06.2160p.WEB-DL.DoVi.H.265.DDP.5.1.strm
2025-08-29 16:17:33,880 - src.video_organizer.core.renamer - ERROR - Error enriching metadata with TMDB: 'TMDBClient' object has no attribute 'search_tv_show'
2025-08-29 16:17:33,881 - src.video_organizer.core.file_mover - INFO - Moved \mnt\media\test\子夜归 (2025) {tmdbid-242762}\Season 1\子夜归.2025.S01E06.2160p.WEB-DL.DoVi.H.265.DDP.5.1.strm to \mnt\media\processed\子夜归 2025\Season 01\子夜归 2025 - SSeason 01E06
2025-08-29 16:17:33,881 - src.video_organizer.core.filesystem_monitor - INFO - Successfully processed and moved \mnt\media\test\子夜归 (2025) {tmdbid-242762}\Season 1\子夜归.2025.S01E06.2160p.WEB-DL.DoVi.H.265.DDP.5.1.strm to 子夜归 2025\Season 01\子夜归 2025 - SSeason 01E06
2025-08-29 16:17:33,881 - src.video_organizer.core.filesystem_monitor - INFO - New video file detected: \mnt\media\test\子夜归 (2025) {tmdbid-242762}\Season 1\子夜归.2025.S01E07.2160p.WEB-DL.DoVi.H.265.DDP.5.1.strm
2025-08-29 16:17:33,882 - src.video_organizer.core.renamer - ERROR - Error enriching metadata with TMDB: 'TMDBClient' object has no attribute 'search_tv_show'
2025-08-29 16:17:33,883 - src.video_organizer.core.file_mover - INFO - Moved \mnt\media\test\子夜归 (2025) {tmdbid-242762}\Season 1\子夜归.2025.S01E07.2160p.WEB-DL.DoVi.H.265.DDP.5.1.strm to \mnt\media\processed\子夜归 2025\Season 01\子夜归 2025 - SSeason 01E07
2025-08-29 16:17:33,883 - src.video_organizer.core.filesystem_monitor - INFO - Successfully processed and moved \mnt\media\test\子夜归 (2025) {tmdbid-242762}\Season 1\子夜归.2025.S01E07.2160p.WEB-DL.DoVi.H.265.DDP.5.1.strm to 子夜归 2025\Season 01\子夜归 2025 - SSeason 01E07
2025-08-29 16:17:33,884 - src.video_organizer.core.filesystem_monitor - INFO - New video file detected: \mnt\media\test\子夜归 (2025) {tmdbid-242762}\Season 1\子夜归.2025.S01E08.2160p.WEB-DL.DoVi.H.265.DDP.5.1.strm
2025-08-29 16:17:33,884 - src.video_organizer.core.renamer - ERROR - Error enriching metadata with TMDB: 'TMDBClient' object has no attribute 'search_tv_show'
2025-08-29 16:17:33,885 - src.video_organizer.core.file_mover - INFO - Moved \mnt\media\test\子夜归 (2025) {tmdbid-242762}\Season 1\子夜归.2025.S01E08.2160p.WEB-DL.DoVi.H.265.DDP.5.1.strm to \mnt\media\processed\子夜归 2025\Season 01\子夜归 2025 - SSeason 01E08
2025-08-29 16:17:33,885 - src.video_organizer.core.filesystem_monitor - INFO - Successfully processed and moved \mnt\media\test\子夜归 (2025) {tmdbid-242762}\Season 1\子夜归.2025.S01E08.2160p.WEB-DL.DoVi.H.265.DDP.5.1.strm to 子夜归 2025\Season 01\子夜归 2025 - SSeason 01E08
2025-08-29 16:17:33,886 - src.video_organizer.core.filesystem_monitor - INFO - New video file detected: \mnt\media\test\子夜归 (2025) {tmdbid-242762}\Season 1\子夜归.2025.S01E09.2160p.WEB-DL.DoVi.H.265.DDP.5.1.strm
2025-08-29 16:17:33,886 - src.video_organizer.core.renamer - ERROR - Error enriching metadata with TMDB: 'TMDBClient' object has no attribute 'search_tv_show'
2025-08-29 16:17:33,887 - src.video_organizer.core.file_mover - INFO - Moved \mnt\media\test\子夜归 (2025) {tmdbid-242762}\Season 1\子夜归.2025.S01E09.2160p.WEB-DL.DoVi.H.265.DDP.5.1.strm to \mnt\media\processed\子夜归 2025\Season 01\子夜归 2025 - SSeason 01E09
2025-08-29 16:17:33,887 - src.video_organizer.core.filesystem_monitor - INFO - Successfully processed and moved \mnt\media\test\子夜归 (2025) {tmdbid-242762}\Season 1\子夜归.2025.S01E09.2160p.WEB-DL.DoVi.H.265.DDP.5.1.strm to 子夜归 2025\Season 01\子夜归 2025 - SSeason 01E09
2025-08-29 16:17:33,888 - src.video_organizer.core.filesystem_monitor - INFO - New video file detected: \mnt\media\test\子夜归 (2025) {tmdbid-242762}\Season 1\子夜归.2025.S01E10.2160p.WEB-DL.DoVi.H.265.DDP.5.1.strm
2025-08-29 16:17:33,888 - src.video_organizer.core.renamer - ERROR - Error enriching metadata with TMDB: 'TMDBClient' object has no attribute 'search_tv_show'
2025-08-29 16:17:33,889 - src.video_organizer.core.file_mover - INFO - Moved \mnt\media\test\子夜归 (2025) {tmdbid-242762}\Season 1\子夜归.2025.S01E10.2160p.WEB-DL.DoVi.H.265.DDP.5.1.strm to \mnt\media\processed\子夜归 2025\Season 01\子夜归 2025 - SSeason 01E10
2025-08-29 16:17:33,889 - src.video_organizer.core.filesystem_monitor - INFO - Successfully processed and moved \mnt\media\test\子夜归 (2025) {tmdbid-242762}\Season 1\子夜归.2025.S01E10.2160p.WEB-DL.DoVi.H.265.DDP.5.1.strm to 子夜归 2025\Season 01\子夜归 2025 - SSeason 01E10
2025-08-29 16:17:33,890 - src.video_organizer.core.filesystem_monitor - INFO - New video file detected: \mnt\media\test\子夜归 (2025) {tmdbid-242762}\Season 1\子夜归.2025.S01E11.2160p.WEB-DL.DoVi.H.265.DDP.5.1.strm
2025-08-29 16:17:33,891 - src.video_organizer.core.renamer - ERROR - Error enriching metadata with TMDB: 'TMDBClient' object has no attribute 'search_tv_show'
2025-08-29 16:17:33,892 - src.video_organizer.core.file_mover - INFO - Moved \mnt\media\test\子夜归 (2025) {tmdbid-242762}\Season 1\子夜归.2025.S01E11.2160p.WEB-DL.DoVi.H.265.DDP.5.1.strm to \mnt\media\processed\子夜归 2025\Season 01\子夜归 2025 - SSeason 01E11
2025-08-29 16:17:33,893 - src.video_organizer.core.filesystem_monitor - INFO - Successfully processed and moved \mnt\media\test\子夜归 (2025) {tmdbid-242762}\Season 1\子夜归.2025.S01E11.2160p.WEB-DL.DoVi.H.265.DDP.5.1.strm to 子夜归 2025\Season 01\子夜归 2025 - SSeason 01E11
2025-08-29 16:17:33,893 - src.video_organizer.core.filesystem_monitor - INFO - New video file detected: \mnt\media\test\子夜归 (2025) {tmdbid-242762}\Season 1\子夜归.2025.S01E12.2160p.WEB-DL.DoVi.H.265.DDP.5.1.strm
2025-08-29 16:17:33,894 - src.video_organizer.core.renamer - ERROR - Error enriching metadata with TMDB: 'TMDBClient' object has no attribute 'search_tv_show'
2025-08-29 16:17:33,895 - src.video_organizer.core.file_mover - INFO - Moved \mnt\media\test\子夜归 (2025) {tmdbid-242762}\Season 1\子夜归.2025.S01E12.2160p.WEB-DL.DoVi.H.265.DDP.5.1.strm to \mnt\media\processed\子夜归 2025\Season 01\子夜归 2025 - SSeason 01E12
2025-08-29 16:17:33,896 - src.video_organizer.core.filesystem_monitor - INFO - Successfully processed and moved \mnt\media\test\子夜归 (2025) {tmdbid-242762}\Season 1\子夜归.2025.S01E12.2160p.WEB-DL.DoVi.H.265.DDP.5.1.strm to 子夜归 2025\Season 01\子夜归 2025 - SSeason 01E12
2025-08-29 16:17:33,896 - src.video_organizer.core.filesystem_monitor - INFO - New video file detected: \mnt\media\test\子夜归 (2025) {tmdbid-242762}\Season 1\子夜归.2025.S01E13.2160p.WEB-DL.DoVi.H.265.DDP.5.1.strm
2025-08-29 16:17:33,897 - src.video_organizer.core.renamer - ERROR - Error enriching metadata with TMDB: 'TMDBClient' object has no attribute 'search_tv_show'
2025-08-29 16:17:33,898 - src.video_organizer.core.file_mover - INFO - Moved \mnt\media\test\子夜归 (2025) {tmdbid-242762}\Season 1\子夜归.2025.S01E13.2160p.WEB-DL.DoVi.H.265.DDP.5.1.strm to \mnt\media\processed\子夜归 2025\Season 01\子夜归 2025 - SSeason 01E13
2025-08-29 16:17:33,899 - src.video_organizer.core.filesystem_monitor - INFO - Successfully processed and moved \mnt\media\test\子夜归 (2025) {tmdbid-242762}\Season 1\子夜归.2025.S01E13.2160p.WEB-DL.DoVi.H.265.DDP.5.1.strm to 子夜归 2025\Season 01\子夜归 2025 - SSeason 01E13
2025-08-29 16:17:33,899 - src.video_organizer.core.filesystem_monitor - INFO - New video file detected: \mnt\media\test\子夜归 (2025) {tmdbid-242762}\Season 1\子夜归.2025.S01E14.2160p.WEB-DL.DoVi.H.265.DDP.5.1.strm
2025-08-29 16:17:33,901 - src.video_organizer.core.renamer - ERROR - Error enriching metadata with TMDB: 'TMDBClient' object has no attribute 'search_tv_show'
2025-08-29 16:17:33,902 - src.video_organizer.core.file_mover - INFO - Moved \mnt\media\test\子夜归 (2025) {tmdbid-242762}\Season 1\子夜归.2025.S01E14.2160p.WEB-DL.DoVi.H.265.DDP.5.1.strm to \mnt\media\processed\子夜归 2025\Season 01\子夜归 2025 - SSeason 01E14
2025-08-29 16:17:33,903 - src.video_organizer.core.filesystem_monitor - INFO - Successfully processed and moved \mnt\media\test\子夜归 (2025) {tmdbid-242762}\Season 1\子夜归.2025.S01E14.2160p.WEB-DL.DoVi.H.265.DDP.5.1.strm to 子夜归 2025\Season 01\子夜归 2025 - SSeason 01E14
2025-08-29 16:17:33,903 - src.video_organizer.core.filesystem_monitor - INFO - New video file detected: \mnt\media\test\子夜归 (2025) {tmdbid-242762}\Season 1\子夜归.2025.S01E15.2160p.WEB-DL.DoVi.H.265.DDP.5.1.strm
2025-08-29 16:17:33,904 - src.video_organizer.core.renamer - ERROR - Error enriching metadata with TMDB: 'TMDBClient' object has no attribute 'search_tv_show'
2025-08-29 16:17:33,905 - src.video_organizer.core.file_mover - INFO - Moved \mnt\media\test\子夜归 (2025) {tmdbid-242762}\Season 1\子夜归.2025.S01E15.2160p.WEB-DL.DoVi.H.265.DDP.5.1.strm to \mnt\media\processed\子夜归 2025\Season 01\子夜归 2025 - SSeason 01E15
2025-08-29 16:17:33,906 - src.video_organizer.core.filesystem_monitor - INFO - Successfully processed and moved \mnt\media\test\子夜归 (2025) {tmdbid-242762}\Season 1\子夜归.2025.S01E15.2160p.WEB-DL.DoVi.H.265.DDP.5.1.strm to 子夜归 2025\Season 01\子夜归 2025 - SSeason 01E15
2025-08-29 16:17:33,907 - src.video_organizer.core.filesystem_monitor - INFO - New video file detected: \mnt\media\test\子夜归 (2025) {tmdbid-242762}\Season 1\子夜归.2025.S01E16.2160p.WEB-DL.DoVi.H.265.DDP.5.1.strm
2025-08-29 16:17:33,908 - src.video_organizer.core.renamer - ERROR - Error enriching metadata with TMDB: 'TMDBClient' object has no attribute 'search_tv_show'
2025-08-29 16:17:33,909 - src.video_organizer.core.file_mover - INFO - Moved \mnt\media\test\子夜归 (2025) {tmdbid-242762}\Season 1\子夜归.2025.S01E16.2160p.WEB-DL.DoVi.H.265.DDP.5.1.strm to \mnt\media\processed\子夜归 2025\Season 01\子夜归 2025 - SSeason 01E16
2025-08-29 16:17:33,909 - src.video_organizer.core.filesystem_monitor - INFO - Successfully processed and moved \mnt\media\test\子夜归 (2025) {tmdbid-242762}\Season 1\子夜归.2025.S01E16.2160p.WEB-DL.DoVi.H.265.DDP.5.1.strm to 子夜归 2025\Season 01\子夜归 2025 - SSeason 01E16
2025-08-29 16:17:33,910 - src.video_organizer.core.filesystem_monitor - INFO - New video file detected: \mnt\media\test\子夜归 (2025) {tmdbid-242762}\Season 1\子夜归.2025.S01E17.2160p.WEB-DL.DoVi.H.265.DDP.5.1.strm
2025-08-29 16:17:33,911 - src.video_organizer.core.renamer - ERROR - Error enriching metadata with TMDB: 'TMDBClient' object has no attribute 'search_tv_show'
2025-08-29 16:17:33,912 - src.video_organizer.core.file_mover - INFO - Moved \mnt\media\test\子夜归 (2025) {tmdbid-242762}\Season 1\子夜归.2025.S01E17.2160p.WEB-DL.DoVi.H.265.DDP.5.1.strm to \mnt\media\processed\子夜归 2025\Season 01\子夜归 2025 - SSeason 01E17
2025-08-29 16:17:33,912 - src.video_organizer.core.filesystem_monitor - INFO - Successfully processed and moved \mnt\media\test\子夜归 (2025) {tmdbid-242762}\Season 1\子夜归.2025.S01E17.2160p.WEB-DL.DoVi.H.265.DDP.5.1.strm to 子夜归 2025\Season 01\子夜归 2025 - SSeason 01E17
2025-08-29 16:17:33,912 - src.video_organizer.core.filesystem_monitor - INFO - New video file detected: \mnt\media\test\子夜归 (2025) {tmdbid-242762}\Season 1\子夜归.2025.S01E18.2160p.WEB-DL.DoVi.H.265.DDP.5.1.strm
2025-08-29 16:17:33,913 - src.video_organizer.core.renamer - ERROR - Error enriching metadata with TMDB: 'TMDBClient' object has no attribute 'search_tv_show'
2025-08-29 16:17:33,915 - src.video_organizer.core.file_mover - INFO - Moved \mnt\media\test\子夜归 (2025) {tmdbid-242762}\Season 1\子夜归.2025.S01E18.2160p.WEB-DL.DoVi.H.265.DDP.5.1.strm to \mnt\media\processed\子夜归 2025\Season 01\子夜归 2025 - SSeason 01E18
2025-08-29 16:17:33,915 - src.video_organizer.core.filesystem_monitor - INFO - Successfully processed and moved \mnt\media\test\子夜归 (2025) {tmdbid-242762}\Season 1\子夜归.2025.S01E18.2160p.WEB-DL.DoVi.H.265.DDP.5.1.strm to 子夜归 2025\Season 01\子夜归 2025 - SSeason 01E18
2025-08-29 16:17:33,916 - src.video_organizer.core.filesystem_monitor - INFO - New video file detected: \mnt\media\test\子夜归 (2025) {tmdbid-242762}\Season 1\子夜归.2025.S01E19.2160p.WEB-DL.DoVi.H.265.DDP.5.1.strm
2025-08-29 16:17:33,916 - src.video_organizer.core.renamer - ERROR - Error enriching metadata with TMDB: 'TMDBClient' object has no attribute 'search_tv_show'
2025-08-29 16:17:33,917 - src.video_organizer.core.file_mover - INFO - Moved \mnt\media\test\子夜归 (2025) {tmdbid-242762}\Season 1\子夜归.2025.S01E19.2160p.WEB-DL.DoVi.H.265.DDP.5.1.strm to \mnt\media\processed\子夜归 2025\Season 01\子夜归 2025 - SSeason 01E19
2025-08-29 16:17:33,917 - src.video_organizer.core.filesystem_monitor - INFO - Successfully processed and moved \mnt\media\test\子夜归 (2025) {tmdbid-242762}\Season 1\子夜归.2025.S01E19.2160p.WEB-DL.DoVi.H.265.DDP.5.1.strm to 子夜归 2025\Season 01\子夜归 2025 - SSeason 01E19
2025-08-29 16:17:33,918 - src.video_organizer.core.filesystem_monitor - INFO - New video file detected: \mnt\media\test\子夜归 (2025) {tmdbid-242762}\Season 1\子夜归.2025.S01E20.2160p.WEB-DL.DoVi.H.265.DDP.5.1.strm
2025-08-29 16:17:33,919 - src.video_organizer.core.renamer - ERROR - Error enriching metadata with TMDB: 'TMDBClient' object has no attribute 'search_tv_show'
2025-08-29 16:17:33,919 - src.video_organizer.core.file_mover - INFO - Moved \mnt\media\test\子夜归 (2025) {tmdbid-242762}\Season 1\子夜归.2025.S01E20.2160p.WEB-DL.DoVi.H.265.DDP.5.1.strm to \mnt\media\processed\子夜归 2025\Season 01\子夜归 2025 - SSeason 01E20
2025-08-29 16:17:33,920 - src.video_organizer.core.filesystem_monitor - INFO - Successfully processed and moved \mnt\media\test\子夜归 (2025) {tmdbid-242762}\Season 1\子夜归.2025.S01E20.2160p.WEB-DL.DoVi.H.265.DDP.5.1.strm to 子夜归 2025\Season 01\子夜归 2025 - SSeason 01E20
2025-08-29 16:17:33,920 - src.video_organizer.core.filesystem_monitor - INFO - New video file detected: \mnt\media\test\子夜归 (2025) {tmdbid-242762}\Season 1\子夜归.2025.S01E21.2160p.WEB-DL.DoVi.H.265.DDP.5.1.strm
2025-08-29 16:17:33,921 - src.video_organizer.core.renamer - ERROR - Error enriching metadata with TMDB: 'TMDBClient' object has no attribute 'search_tv_show'
2025-08-29 16:17:33,922 - src.video_organizer.core.file_mover - INFO - Moved \mnt\media\test\子夜归 (2025) {tmdbid-242762}\Season 1\子夜归.2025.S01E21.2160p.WEB-DL.DoVi.H.265.DDP.5.1.strm to \mnt\media\processed\子夜归 2025\Season 01\子夜归 2025 - SSeason 01E21
2025-08-29 16:17:33,922 - src.video_organizer.core.filesystem_monitor - INFO - Successfully processed and moved \mnt\media\test\子夜归 (2025) {tmdbid-242762}\Season 1\子夜归.2025.S01E21.2160p.WEB-DL.DoVi.H.265.DDP.5.1.strm to 子夜归 2025\Season 01\子夜归 2025 - SSeason 01E21
2025-08-29 16:17:33,923 - src.video_organizer.core.filesystem_monitor - INFO - New video file detected: \mnt\media\test\子夜归 (2025) {tmdbid-242762}\Season 1\子夜归.2025.S01E22.2160p.WEB-DL.DoVi.H.265.DDP.5.1.strm
2025-08-29 16:17:33,923 - src.video_organizer.core.renamer - ERROR - Error enriching metadata with TMDB: 'TMDBClient' object has no attribute 'search_tv_show'
2025-08-29 16:17:33,924 - src.video_organizer.core.file_mover - INFO - Moved \mnt\media\test\子夜归 (2025) {tmdbid-242762}\Season 1\子夜归.2025.S01E22.2160p.WEB-DL.DoVi.H.265.DDP.5.1.strm to \mnt\media\processed\子夜归 2025\Season 01\子夜归 2025 - SSeason 01E22
2025-08-29 16:17:33,925 - src.video_organizer.core.filesystem_monitor - INFO - Successfully processed and moved \mnt\media\test\子夜归 (2025) {tmdbid-242762}\Season 1\子夜归.2025.S01E22.2160p.WEB-DL.DoVi.H.265.DDP.5.1.strm to 子夜归 2025\Season 01\子夜归 2025 - SSeason 01E22
2025-08-29 16:17:33,925 - src.video_organizer.core.filesystem_monitor - INFO - New video file detected: \mnt\media\test\子夜归 (2025) {tmdbid-242762}\Season 1\子夜归.2025.S01E23.2160p.WEB-DL.DoVi.H.265.DDP.5.1.strm
2025-08-29 16:17:33,926 - src.video_organizer.core.renamer - ERROR - Error enriching metadata with TMDB: 'TMDBClient' object has no attribute 'search_tv_show'
2025-08-29 16:17:33,927 - src.video_organizer.core.file_mover - INFO - Moved \mnt\media\test\子夜归 (2025) {tmdbid-242762}\Season 1\子夜归.2025.S01E23.2160p.WEB-DL.DoVi.H.265.DDP.5.1.strm to \mnt\media\processed\子夜归 2025\Season 01\子夜归 2025 - SSeason 01E23
2025-08-29 16:17:33,927 - src.video_organizer.core.filesystem_monitor - INFO - Successfully processed and moved \mnt\media\test\子夜归 (2025) {tmdbid-242762}\Season 1\子夜归.2025.S01E23.2160p.WEB-DL.DoVi.H.265.DDP.5.1.strm to 子夜归 2025\Season 01\子夜归 2025 - SSeason 01E23
2025-08-29 16:17:33,927 - src.video_organizer.core.filesystem_monitor - INFO - New video file detected: \mnt\media\test\子夜归 (2025) {tmdbid-242762}\Season 1\子夜归.2025.S01E24.2160p.WEB-DL.DoVi.H.265.DDP.5.1.strm
2025-08-29 16:17:33,928 - src.video_organizer.core.renamer - ERROR - Error enriching metadata with TMDB: 'TMDBClient' object has no attribute 'search_tv_show'
2025-08-29 16:17:33,929 - src.video_organizer.core.file_mover - INFO - Moved \mnt\media\test\子夜归 (2025) {tmdbid-242762}\Season 1\子夜归.2025.S01E24.2160p.WEB-DL.DoVi.H.265.DDP.5.1.strm to \mnt\media\processed\子夜归 2025\Season 01\子夜归 2025 - SSeason 01E24
2025-08-29 16:17:33,929 - src.video_organizer.core.filesystem_monitor - INFO - Successfully processed and moved \mnt\media\test\子夜归 (2025) {tmdbid-242762}\Season 1\子夜归.2025.S01E24.2160p.WEB-DL.DoVi.H.265.DDP.5.1.strm to 子夜归 2025\Season 01\子夜归 2025 - SSeason 01E24
2025-08-29 16:17:33,930 - src.video_organizer.core.filesystem_monitor - INFO - New video file detected: \mnt\media\test\子夜归 (2025) {tmdbid-242762}\Season 1\子夜归.2025.S01E25.2160p.WEB-DL.DoVi.H.265.DDP.5.1.strm
2025-08-29 16:17:33,931 - src.video_organizer.core.renamer - ERROR - Error enriching metadata with TMDB: 'TMDBClient' object has no attribute 'search_tv_show'
2025-08-29 16:17:33,932 - src.video_organizer.core.file_mover - INFO - Moved \mnt\media\test\子夜归 (2025) {tmdbid-242762}\Season 1\子夜归.2025.S01E25.2160p.WEB-DL.DoVi.H.265.DDP.5.1.strm to \mnt\media\processed\子夜归 2025\Season 01\子夜归 2025 - SSeason 01E25
2025-08-29 16:17:33,932 - src.video_organizer.core.filesystem_monitor - INFO - Successfully processed and moved \mnt\media\test\子夜归 (2025) {tmdbid-242762}\Season 1\子夜归.2025.S01E25.2160p.WEB-DL.DoVi.H.265.DDP.5.1.strm to 子夜归 2025\Season 01\子夜归 2025 - SSeason 01E25
2025-08-30 16:45:58,581 - __main__ - INFO - Received shutdown signal, stopping monitor...
2025-08-30 16:45:58,590 - src.video_organizer.core.filesystem_monitor - INFO - Stopped monitoring
